2025-05-30T10:55:27: 
> react-boilerplate@4.0.0 start
> cross-env NODE_ENV=development node server

2025-05-30T10:55:28: 2025-05-30T10:55:28: 
> react-boilerplate@4.0.0 start
> cross-env NODE_ENV=development node server

2025-05-30T10:55:29: 2025-05-30T10:55:29: 
> react-boilerplate@4.0.0 start
> cross-env NODE_ENV=development node server

2025-05-30T10:55:30: 2025-05-30T10:55:30: 
> react-boilerplate@4.0.0 start
> cross-env NODE_ENV=development node server

2025-05-30T10:55:31: 2025-05-30T10:55:31: 
> react-boilerplate@4.0.0 start
> cross-env NODE_ENV=development node server

2025-05-30T10:55:32: 2025-05-30T10:55:32: 
> react-boilerplate@4.0.0 start
> cross-env NODE_ENV=development node server

2025-05-30T10:55:33: 2025-05-30T10:55:33: 2025-05-30T10:55:33: 
> react-boilerplate@4.0.0 start
> cross-env NODE_ENV=development node server

2025-05-30T10:55:34: 2025-05-30T10:55:34: 
> react-boilerplate@4.0.0 start
> cross-env NODE_ENV=development node server

2025-05-30T10:55:35: 2025-05-30T10:55:35: 2025-05-30T10:55:35: 
> react-boilerplate@4.0.0 start
> cross-env NODE_ENV=development node server

2025-05-30T10:55:36: 2025-05-30T10:55:36: 
> react-boilerplate@4.0.0 start
> cross-env NODE_ENV=development node server

2025-05-30T10:55:37: 2025-05-30T10:55:37: 
> react-boilerplate@4.0.0 start
> cross-env NODE_ENV=development node server

2025-05-30T10:55:38: 2025-05-30T10:55:38: 
> react-boilerplate@4.0.0 start
> cross-env NODE_ENV=development node server

2025-05-30T10:55:39: 2025-05-30T10:55:39: 
> react-boilerplate@4.0.0 start
> cross-env NODE_ENV=development node server

2025-05-30T10:55:40: 2025-05-30T10:55:40: 
> react-boilerplate@4.0.0 start
> cross-env NODE_ENV=development node server

2025-05-30T10:55:41: 2025-05-30T10:55:41: 
> react-boilerplate@4.0.0 start
> cross-env NODE_ENV=development node server

2025-05-30T10:55:42: 2025-05-30T10:55:42: 
> react-boilerplate@4.0.0 start
> cross-env NODE_ENV=development node server

2025-05-30T10:55:43: 2025-05-30T10:55:43: 
> react-boilerplate@4.0.0 start
> cross-env NODE_ENV=development node server

2025-05-30T10:55:44: 2025-05-30T10:55:44: 
> react-boilerplate@4.0.0 start
> cross-env NODE_ENV=development node server

2025-05-30T10:55:45: 2025-05-30T10:55:45: 
> react-boilerplate@4.0.0 start
> cross-env NODE_ENV=development node server

2025-05-30T10:55:46: 2025-05-30T10:55:46: 
> react-boilerplate@4.0.0 start
> cross-env NODE_ENV=development node server

2025-05-30T10:55:46: 2025-05-30T10:55:47: 
> react-boilerplate@4.0.0 start
> cross-env NODE_ENV=development node server

2025-05-30T10:55:47: 2025-05-30T10:55:48: 
> react-boilerplate@4.0.0 start
> cross-env NODE_ENV=development node server

2025-05-30T10:55:48: 2025-05-30T10:55:49: 
> react-boilerplate@4.0.0 start
> cross-env NODE_ENV=development node server

2025-05-30T10:55:49: 2025-05-30T10:55:49: 
> react-boilerplate@4.0.0 start
> cross-env NODE_ENV=development node server

2025-05-30T10:55:50: 2025-05-30T10:55:50: 
> react-boilerplate@4.0.0 start
> cross-env NODE_ENV=development node server

2025-05-30T10:55:51: 2025-05-30T10:55:51: 
> react-boilerplate@4.0.0 start
> cross-env NODE_ENV=development node server

2025-05-30T10:55:52: 2025-05-30T10:55:52: 
> react-boilerplate@4.0.0 start
> cross-env NODE_ENV=development node server

2025-05-30T10:55:53: 2025-05-30T10:55:53: 
> react-boilerplate@4.0.0 start
> cross-env NODE_ENV=development node server

2025-05-30T10:55:54: 2025-05-30T10:55:54: 
> react-boilerplate@4.0.0 start
> cross-env NODE_ENV=development node server

2025-05-30T10:55:55: 2025-05-30T10:55:55: 2025-05-30T10:55:55: 
> react-boilerplate@4.0.0 start
> cross-env NODE_ENV=development node server

2025-05-30T10:55:56: 2025-05-30T10:55:56: 
> react-boilerplate@4.0.0 start
> cross-env NODE_ENV=development node server

2025-05-30T10:55:57: 2025-05-30T10:55:57: 
> react-boilerplate@4.0.0 start
> cross-env NODE_ENV=development node server

2025-05-30T10:55:58: 2025-05-30T10:55:58: 
> react-boilerplate@4.0.0 start
> cross-env NODE_ENV=development node server

2025-05-30T10:55:59: 2025-05-30T10:55:59: 
> react-boilerplate@4.0.0 start
> cross-env NODE_ENV=development node server

2025-05-30T10:56:00: 2025-05-30T10:56:00: 
> react-boilerplate@4.0.0 start
> cross-env NODE_ENV=development node server

2025-05-30T10:56:01: 2025-05-30T10:56:01: 
> react-boilerplate@4.0.0 start
> cross-env NODE_ENV=development node server

2025-05-30T10:56:03: 2025-05-30T10:56:03: 
> react-boilerplate@4.0.0 start
> cross-env NODE_ENV=development node server

2025-05-30T10:56:03: 2025-05-30T10:56:04: 
> react-boilerplate@4.0.0 start
> cross-env NODE_ENV=development node server

2025-05-30T10:56:04: 2025-05-30T10:56:05: 
> react-boilerplate@4.0.0 start
> cross-env NODE_ENV=development node server

2025-05-30T10:56:05: 2025-05-30T10:56:06: 
> react-boilerplate@4.0.0 start
> cross-env NODE_ENV=development node server

2025-05-30T10:56:06: 2025-05-30T10:56:07: 
> react-boilerplate@4.0.0 start
> cross-env NODE_ENV=development node server

2025-05-30T10:56:07: 2025-05-30T10:56:08: 
> react-boilerplate@4.0.0 start
> cross-env NODE_ENV=development node server

2025-05-30T10:56:08: 2025-05-30T10:56:09: 
> react-boilerplate@4.0.0 start
> cross-env NODE_ENV=development node server

2025-05-30T10:56:09: 2025-05-30T10:56:10: 
> react-boilerplate@4.0.0 start
> cross-env NODE_ENV=development node server

2025-05-30T10:56:11: 2025-05-30T10:56:11: 
> react-boilerplate@4.0.0 start
> cross-env NODE_ENV=development node server

2025-05-30T10:56:12: 2025-05-30T10:56:12: 
> react-boilerplate@4.0.0 start
> cross-env NODE_ENV=development node server

2025-05-30T10:56:12: 2025-05-30T10:56:13: 
> react-boilerplate@4.0.0 start
> cross-env NODE_ENV=development node server

2025-05-30T10:56:13: 2025-05-30T10:56:14: 
> react-boilerplate@4.0.0 start
> cross-env NODE_ENV=development node server

2025-05-30T10:56:14: 2025-05-30T10:56:15: 
> react-boilerplate@4.0.0 start
> cross-env NODE_ENV=development node server

2025-05-30T10:56:15: 2025-05-30T10:56:15: 
> react-boilerplate@4.0.0 start
> cross-env NODE_ENV=development node server

2025-05-30T10:56:16: 2025-05-30T10:56:16: 
> react-boilerplate@4.0.0 start
> cross-env NODE_ENV=development node server

2025-05-30T10:56:17: 2025-05-30T10:56:17: 
> react-boilerplate@4.0.0 start
> cross-env NODE_ENV=development node server

2025-05-30T10:56:18: 2025-05-30T10:56:18: 
> react-boilerplate@4.0.0 start
> cross-env NODE_ENV=development node server

2025-05-30T10:56:19: 2025-05-30T10:56:19: 
> react-boilerplate@4.0.0 start
> cross-env NODE_ENV=development node server

2025-05-30T10:56:20: 2025-05-30T10:56:20: 
> react-boilerplate@4.0.0 start
> cross-env NODE_ENV=development node server

2025-05-30T10:56:21: 2025-05-30T10:56:21: 
> react-boilerplate@4.0.0 start
> cross-env NODE_ENV=development node server

2025-05-30T10:56:22: 2025-05-30T10:56:22: 
> react-boilerplate@4.0.0 start
> cross-env NODE_ENV=development node server

2025-05-30T10:56:23: 2025-05-30T10:56:23: 
> react-boilerplate@4.0.0 start
> cross-env NODE_ENV=development node server

2025-05-30T10:56:24: 2025-05-30T10:56:24: 
> react-boilerplate@4.0.0 start
> cross-env NODE_ENV=development node server

2025-05-30T10:56:25: 2025-05-30T10:56:25: 
> react-boilerplate@4.0.0 start
> cross-env NODE_ENV=development node server

2025-05-30T10:56:26: 2025-05-30T10:56:26: 
> react-boilerplate@4.0.0 start
> cross-env NODE_ENV=development node server

2025-05-30T10:56:27: 2025-05-30T10:56:27: 
> react-boilerplate@4.0.0 start
> cross-env NODE_ENV=development node server

2025-05-30T10:56:28: 2025-05-30T10:56:28: 
> react-boilerplate@4.0.0 start
> cross-env NODE_ENV=development node server

2025-05-30T10:56:29: 2025-05-30T10:56:29: 
> react-boilerplate@4.0.0 start
> cross-env NODE_ENV=development node server

2025-05-30T10:56:30: 2025-05-30T10:56:30: 
> react-boilerplate@4.0.0 start
> cross-env NODE_ENV=development node server

2025-05-30T10:56:30: 2025-05-30T10:56:31: 
> react-boilerplate@4.0.0 start
> cross-env NODE_ENV=development node server

2025-05-30T10:56:31: 2025-05-30T10:56:32: 
> react-boilerplate@4.0.0 start
> cross-env NODE_ENV=development node server

2025-05-30T10:56:32: 2025-05-30T10:56:33: 
> react-boilerplate@4.0.0 start
> cross-env NODE_ENV=development node server

2025-05-30T10:56:33: 2025-05-30T10:56:34: 
> react-boilerplate@4.0.0 start
> cross-env NODE_ENV=development node server

2025-05-30T10:56:34: 2025-05-30T10:56:34: 
> react-boilerplate@4.0.0 start
> cross-env NODE_ENV=development node server

2025-05-30T10:56:35: 2025-05-30T10:56:35: 
> react-boilerplate@4.0.0 start
> cross-env NODE_ENV=development node server

2025-05-30T10:56:36: 2025-05-30T10:56:36: 
> react-boilerplate@4.0.0 start
> cross-env NODE_ENV=development node server

2025-05-30T10:56:37: 2025-05-30T10:56:37: 
> react-boilerplate@4.0.0 start
> cross-env NODE_ENV=development node server

2025-05-30T10:56:38: 2025-05-30T10:56:38: 
> react-boilerplate@4.0.0 start
> cross-env NODE_ENV=development node server

2025-05-30T10:56:39: 2025-05-30T10:56:39: 
> react-boilerplate@4.0.0 start
> cross-env NODE_ENV=development node server

2025-05-30T10:56:40: 2025-05-30T10:56:40: 
> react-boilerplate@4.0.0 start
> cross-env NODE_ENV=development node server

2025-05-30T10:56:41: 2025-05-30T10:56:41: 
> react-boilerplate@4.0.0 start
> cross-env NODE_ENV=development node server

2025-05-30T10:56:41: 2025-05-30T10:56:42: 
> react-boilerplate@4.0.0 start
> cross-env NODE_ENV=development node server

2025-05-30T10:56:42: 2025-05-30T10:56:43: 
> react-boilerplate@4.0.0 start
> cross-env NODE_ENV=development node server

2025-05-30T10:56:43: 2025-05-30T10:56:44: 
> react-boilerplate@4.0.0 start
> cross-env NODE_ENV=development node server

2025-05-30T10:56:44: 2025-05-30T10:56:44: 
> react-boilerplate@4.0.0 start
> cross-env NODE_ENV=development node server

2025-05-30T10:56:45: 2025-05-30T10:56:45: 
> react-boilerplate@4.0.0 start
> cross-env NODE_ENV=development node server

2025-05-30T10:56:46: 2025-05-30T10:56:46: 
> react-boilerplate@4.0.0 start
> cross-env NODE_ENV=development node server

2025-05-30T10:56:47: 2025-05-30T10:56:47: 
> react-boilerplate@4.0.0 start
> cross-env NODE_ENV=development node server

2025-05-30T10:56:48: 2025-05-30T10:56:48: 
> react-boilerplate@4.0.0 start
> cross-env NODE_ENV=development node server

2025-05-30T10:56:49: 2025-05-30T10:56:49: 
> react-boilerplate@4.0.0 start
> cross-env NODE_ENV=development node server

2025-05-30T10:56:50: 2025-05-30T10:56:50: 
> react-boilerplate@4.0.0 start
> cross-env NODE_ENV=development node server

2025-05-30T10:56:51: 2025-05-30T10:56:51: 
> react-boilerplate@4.0.0 start
> cross-env NODE_ENV=development node server

2025-05-30T10:56:52: 2025-05-30T10:56:52: 
> react-boilerplate@4.0.0 start
> cross-env NODE_ENV=development node server

2025-05-30T10:56:52: 2025-05-30T10:56:53: 
> react-boilerplate@4.0.0 start
> cross-env NODE_ENV=development node server

2025-05-30T10:56:53: 2025-05-30T10:56:54: 
> react-boilerplate@4.0.0 start
> cross-env NODE_ENV=development node server

2025-05-30T10:56:54: 2025-05-30T10:56:54: 
> react-boilerplate@4.0.0 start
> cross-env NODE_ENV=development node server

2025-05-30T10:56:55: 2025-05-30T10:56:55: 
> react-boilerplate@4.0.0 start
> cross-env NODE_ENV=development node server

2025-05-30T10:56:56: 2025-05-30T10:56:56: 
> react-boilerplate@4.0.0 start
> cross-env NODE_ENV=development node server

2025-05-30T10:56:57: 2025-05-30T10:56:57: 
> react-boilerplate@4.0.0 start
> cross-env NODE_ENV=development node server

2025-05-30T10:56:58: 2025-05-30T10:56:58: 
> react-boilerplate@4.0.0 start
> cross-env NODE_ENV=development node server

2025-05-30T10:56:59: 2025-05-30T10:56:59: 
> react-boilerplate@4.0.0 start
> cross-env NODE_ENV=development node server

2025-05-30T10:57:00: 2025-05-30T10:57:00: 
> react-boilerplate@4.0.0 start
> cross-env NODE_ENV=development node server

2025-05-30T10:57:01: 2025-05-30T10:57:01: 
> react-boilerplate@4.0.0 start
> cross-env NODE_ENV=development node server

2025-05-30T10:57:03: 2025-05-30T10:57:03: 
> react-boilerplate@4.0.0 start
> cross-env NODE_ENV=development node server

2025-05-30T10:57:04: 2025-05-30T10:57:04: 
> react-boilerplate@4.0.0 start
> cross-env NODE_ENV=development node server

2025-05-30T10:57:04: 2025-05-30T10:57:05: 
> react-boilerplate@4.0.0 start
> cross-env NODE_ENV=development node server

2025-05-30T10:57:05: 2025-05-30T10:57:06: 
> react-boilerplate@4.0.0 start
> cross-env NODE_ENV=development node server

2025-05-30T10:57:06: 2025-05-30T10:57:06: 
> react-boilerplate@4.0.0 start
> cross-env NODE_ENV=development node server

2025-05-30T10:57:07: 2025-05-30T10:57:07: 
> react-boilerplate@4.0.0 start
> cross-env NODE_ENV=development node server

2025-05-30T10:57:08: 2025-05-30T10:57:08: 
> react-boilerplate@4.0.0 start
> cross-env NODE_ENV=development node server

2025-05-30T10:57:09: 2025-05-30T10:57:09: 
> react-boilerplate@4.0.0 start
> cross-env NODE_ENV=development node server

2025-05-30T10:57:10: 2025-05-30T10:57:10: 
> react-boilerplate@4.0.0 start
> cross-env NODE_ENV=development node server

2025-05-30T10:57:11: 2025-05-30T10:57:11: 
> react-boilerplate@4.0.0 start
> cross-env NODE_ENV=development node server

2025-05-30T10:57:12: 2025-05-30T10:57:12: 
> react-boilerplate@4.0.0 start
> cross-env NODE_ENV=development node server

2025-05-30T10:57:13: 2025-05-30T10:57:13: 
> react-boilerplate@4.0.0 start
> cross-env NODE_ENV=development node server

2025-05-30T10:57:14: 2025-05-30T10:57:14: 
> react-boilerplate@4.0.0 start
> cross-env NODE_ENV=development node server

2025-05-30T10:57:15: 2025-05-30T10:57:15: 
> react-boilerplate@4.0.0 start
> cross-env NODE_ENV=development node server

2025-05-30T10:57:15: 2025-05-30T10:57:16: 
> react-boilerplate@4.0.0 start
> cross-env NODE_ENV=development node server

2025-05-30T10:57:16: 2025-05-30T10:57:17: 
> react-boilerplate@4.0.0 start
> cross-env NODE_ENV=development node server

2025-05-30T10:57:17: 2025-05-30T10:57:18: 
> react-boilerplate@4.0.0 start
> cross-env NODE_ENV=development node server

2025-05-30T10:57:18: 2025-05-30T10:57:18: 
> react-boilerplate@4.0.0 start
> cross-env NODE_ENV=development node server

2025-05-30T10:57:19: 2025-05-30T10:57:19: 
> react-boilerplate@4.0.0 start
> cross-env NODE_ENV=development node server

2025-05-30T10:57:20: 2025-05-30T10:57:20: 
> react-boilerplate@4.0.0 start
> cross-env NODE_ENV=development node server

2025-05-30T10:57:21: 2025-05-30T10:57:21: 
> react-boilerplate@4.0.0 start
> cross-env NODE_ENV=development node server

2025-05-30T10:57:22: 2025-05-30T10:57:22: 
> react-boilerplate@4.0.0 start
> cross-env NODE_ENV=development node server

2025-05-30T10:57:23: 2025-05-30T10:57:23: 
> react-boilerplate@4.0.0 start
> cross-env NODE_ENV=development node server

2025-05-30T10:57:24: 2025-05-30T10:57:24: 
> react-boilerplate@4.0.0 start
> cross-env NODE_ENV=development node server

2025-05-30T10:57:25: 2025-05-30T10:57:25: 
> react-boilerplate@4.0.0 start
> cross-env NODE_ENV=development node server

2025-05-30T10:57:26: 2025-05-30T10:57:26: 
> react-boilerplate@4.0.0 start
> cross-env NODE_ENV=development node server

2025-05-30T10:57:27: 2025-05-30T10:57:27: 
> react-boilerplate@4.0.0 start
> cross-env NODE_ENV=development node server

2025-05-30T10:57:28: 2025-05-30T10:57:28: 
> react-boilerplate@4.0.0 start
> cross-env NODE_ENV=development node server

2025-05-30T10:57:29: 2025-05-30T10:57:29: 
> react-boilerplate@4.0.0 start
> cross-env NODE_ENV=development node server

2025-05-30T10:57:29: 2025-05-30T10:57:30: 
> react-boilerplate@4.0.0 start
> cross-env NODE_ENV=development node server

2025-05-30T10:57:30: 2025-05-30T10:57:31: 
> react-boilerplate@4.0.0 start
> cross-env NODE_ENV=development node server

2025-05-30T10:57:31: 2025-05-30T10:57:32: 
> react-boilerplate@4.0.0 start
> cross-env NODE_ENV=development node server

2025-05-30T10:57:32: 2025-05-30T10:57:32: 
> react-boilerplate@4.0.0 start
> cross-env NODE_ENV=development node server

2025-05-30T10:57:33: 2025-05-30T10:57:33: 
> react-boilerplate@4.0.0 start
> cross-env NODE_ENV=development node server

2025-05-30T10:57:34: 2025-05-30T10:57:34: 
> react-boilerplate@4.0.0 start
> cross-env NODE_ENV=development node server

2025-05-30T10:57:35: 2025-05-30T10:57:35: 
> react-boilerplate@4.0.0 start
> cross-env NODE_ENV=development node server

2025-05-30T10:57:36: 2025-05-30T10:57:36: 
> react-boilerplate@4.0.0 start
> cross-env NODE_ENV=development node server

2025-05-30T10:57:37: 2025-05-30T10:57:37: 
> react-boilerplate@4.0.0 start
> cross-env NODE_ENV=development node server

2025-05-30T10:57:38: 2025-05-30T10:57:38: 
> react-boilerplate@4.0.0 start
> cross-env NODE_ENV=development node server

2025-05-30T10:57:39: 2025-05-30T10:57:39: 
> react-boilerplate@4.0.0 start
> cross-env NODE_ENV=development node server

2025-05-30T10:57:40: 2025-05-30T10:57:40: 
> react-boilerplate@4.0.0 start
> cross-env NODE_ENV=development node server

2025-05-30T10:57:40: 2025-05-30T10:57:41: 
> react-boilerplate@4.0.0 start
> cross-env NODE_ENV=development node server

2025-05-30T10:57:41: 2025-05-30T10:57:42: 
> react-boilerplate@4.0.0 start
> cross-env NODE_ENV=development node server

2025-05-30T10:57:42: 2025-05-30T10:57:42: 
> react-boilerplate@4.0.0 start
> cross-env NODE_ENV=development node server

2025-05-30T10:57:43: 2025-05-30T10:57:43: 
> react-boilerplate@4.0.0 start
> cross-env NODE_ENV=development node server

2025-05-30T10:57:44: 2025-05-30T10:57:44: 
> react-boilerplate@4.0.0 start
> cross-env NODE_ENV=development node server

2025-05-30T10:57:45: 2025-05-30T10:57:45: 
> react-boilerplate@4.0.0 start
> cross-env NODE_ENV=development node server

2025-05-30T10:57:46: 2025-05-30T10:57:46: 
> react-boilerplate@4.0.0 start
> cross-env NODE_ENV=development node server

2025-05-30T10:57:47: 2025-05-30T10:57:47: 
> react-boilerplate@4.0.0 start
> cross-env NODE_ENV=development node server

2025-05-30T10:57:48: 2025-05-30T10:57:48: 
> react-boilerplate@4.0.0 start
> cross-env NODE_ENV=development node server

2025-05-30T10:57:49: 2025-05-30T10:57:49: 
> react-boilerplate@4.0.0 start
> cross-env NODE_ENV=development node server

2025-05-30T10:57:50: 2025-05-30T10:57:50: 
> react-boilerplate@4.0.0 start
> cross-env NODE_ENV=development node server

2025-05-30T10:57:51: 2025-05-30T10:57:51: 
> react-boilerplate@4.0.0 start
> cross-env NODE_ENV=development node server

2025-05-30T10:57:52: 2025-05-30T10:57:52: 
> react-boilerplate@4.0.0 start
> cross-env NODE_ENV=development node server

2025-05-30T10:57:52: 2025-05-30T10:57:53: 
> react-boilerplate@4.0.0 start
> cross-env NODE_ENV=development node server

2025-05-30T10:57:53: 2025-05-30T10:57:54: 
> react-boilerplate@4.0.0 start
> cross-env NODE_ENV=development node server

2025-05-30T10:57:54: 2025-05-30T10:57:54: 
> react-boilerplate@4.0.0 start
> cross-env NODE_ENV=development node server

2025-05-30T10:57:55: 2025-05-30T10:57:55: 
> react-boilerplate@4.0.0 start
> cross-env NODE_ENV=development node server

2025-05-30T10:57:56: 2025-05-30T10:57:56: 
> react-boilerplate@4.0.0 start
> cross-env NODE_ENV=development node server

2025-05-30T10:57:57: 2025-05-30T10:57:57: 
> react-boilerplate@4.0.0 start
> cross-env NODE_ENV=development node server

2025-05-30T10:57:58: 2025-05-30T10:57:58: 
> react-boilerplate@4.0.0 start
> cross-env NODE_ENV=development node server

2025-05-30T10:57:59: 2025-05-30T10:57:59: 
> react-boilerplate@4.0.0 start
> cross-env NODE_ENV=development node server

2025-05-30T10:58:00: 2025-05-30T10:58:00: 
> react-boilerplate@4.0.0 start
> cross-env NODE_ENV=development node server

2025-05-30T10:58:01: 2025-05-30T10:58:01: 
> react-boilerplate@4.0.0 start
> cross-env NODE_ENV=development node server

2025-05-30T10:58:02: 2025-05-30T10:58:02: 
> react-boilerplate@4.0.0 start
> cross-env NODE_ENV=development node server

2025-05-30T10:58:03: 2025-05-30T10:58:03: 
> react-boilerplate@4.0.0 start
> cross-env NODE_ENV=development node server

2025-05-30T10:58:04: 2025-05-30T10:58:04: 
> react-boilerplate@4.0.0 start
> cross-env NODE_ENV=development node server

2025-05-30T10:58:05: 2025-05-30T10:58:05: 
> react-boilerplate@4.0.0 start
> cross-env NODE_ENV=development node server

2025-05-30T10:58:06: 2025-05-30T10:58:06: 
> react-boilerplate@4.0.0 start
> cross-env NODE_ENV=development node server

2025-05-30T10:58:07: 2025-05-30T10:58:07: 
> react-boilerplate@4.0.0 start
> cross-env NODE_ENV=development node server

2025-05-30T10:58:07: 2025-05-30T10:58:08: 
> react-boilerplate@4.0.0 start
> cross-env NODE_ENV=development node server

2025-05-30T10:58:08: 2025-05-30T10:58:09: 
> react-boilerplate@4.0.0 start
> cross-env NODE_ENV=development node server

2025-05-30T10:58:09: 2025-05-30T10:58:09: 
> react-boilerplate@4.0.0 start
> cross-env NODE_ENV=development node server

2025-05-30T10:58:10: 2025-05-30T10:58:10: 
> react-boilerplate@4.0.0 start
> cross-env NODE_ENV=development node server

2025-05-30T10:58:11: 2025-05-30T10:58:11: 
> react-boilerplate@4.0.0 start
> cross-env NODE_ENV=development node server

2025-05-30T10:58:12: 2025-05-30T10:58:12: 
> react-boilerplate@4.0.0 start
> cross-env NODE_ENV=development node server

2025-05-30T10:58:13: 2025-05-30T10:58:13: 
> react-boilerplate@4.0.0 start
> cross-env NODE_ENV=development node server

2025-05-30T10:58:14: 2025-05-30T10:58:14: 
> react-boilerplate@4.0.0 start
> cross-env NODE_ENV=development node server

2025-05-30T10:58:15: 2025-05-30T10:58:15: 
> react-boilerplate@4.0.0 start
> cross-env NODE_ENV=development node server

2025-05-30T10:58:16: 2025-05-30T10:58:16: 
> react-boilerplate@4.0.0 start
> cross-env NODE_ENV=development node server

2025-05-30T10:58:17: 2025-05-30T10:58:17: 
> react-boilerplate@4.0.0 start
> cross-env NODE_ENV=development node server

2025-05-30T10:58:18: 2025-05-30T10:58:18: 
> react-boilerplate@4.0.0 start
> cross-env NODE_ENV=development node server

2025-05-30T10:58:19: 2025-05-30T10:58:19: 
> react-boilerplate@4.0.0 start
> cross-env NODE_ENV=development node server

2025-05-30T10:58:19: 2025-05-30T10:58:20: 
> react-boilerplate@4.0.0 start
> cross-env NODE_ENV=development node server

2025-05-30T10:58:20: 2025-05-30T10:58:21: 
> react-boilerplate@4.0.0 start
> cross-env NODE_ENV=development node server

2025-05-30T10:58:21: 2025-05-30T10:58:22: 
> react-boilerplate@4.0.0 start
> cross-env NODE_ENV=development node server

2025-05-30T10:58:22: 2025-05-30T10:58:22: 
> react-boilerplate@4.0.0 start
> cross-env NODE_ENV=development node server

2025-05-30T10:58:23: 2025-05-30T10:58:23: 
> react-boilerplate@4.0.0 start
> cross-env NODE_ENV=development node server

2025-05-30T10:58:24: 2025-05-30T10:58:24: 
> react-boilerplate@4.0.0 start
> cross-env NODE_ENV=development node server

2025-05-30T10:58:25: 2025-05-30T10:58:25: 
> react-boilerplate@4.0.0 start
> cross-env NODE_ENV=development node server

2025-05-30T10:58:26: 2025-05-30T10:58:26: 
> react-boilerplate@4.0.0 start
> cross-env NODE_ENV=development node server

2025-05-30T10:58:27: 2025-05-30T10:58:27: 
> react-boilerplate@4.0.0 start
> cross-env NODE_ENV=development node server

2025-05-30T10:58:28: 2025-05-30T10:58:28: 
> react-boilerplate@4.0.0 start
> cross-env NODE_ENV=development node server

2025-05-30T10:58:29: 2025-05-30T10:58:29: 
> react-boilerplate@4.0.0 start
> cross-env NODE_ENV=development node server

2025-05-30T10:58:30: 2025-05-30T10:58:30: 
> react-boilerplate@4.0.0 start
> cross-env NODE_ENV=development node server

2025-05-30T10:58:31: 2025-05-30T10:58:31: 
> react-boilerplate@4.0.0 start
> cross-env NODE_ENV=development node server

2025-05-30T10:58:31: 2025-05-30T10:58:32: 
> react-boilerplate@4.0.0 start
> cross-env NODE_ENV=development node server

2025-05-30T10:58:32: 2025-05-30T10:58:33: 
> react-boilerplate@4.0.0 start
> cross-env NODE_ENV=development node server

2025-05-30T10:58:33: 2025-05-30T10:58:33: 
> react-boilerplate@4.0.0 start
> cross-env NODE_ENV=development node server

2025-05-30T10:58:34: 2025-05-30T10:58:34: 
> react-boilerplate@4.0.0 start
> cross-env NODE_ENV=development node server

2025-05-30T10:58:35: 2025-05-30T10:58:35: 
> react-boilerplate@4.0.0 start
> cross-env NODE_ENV=development node server

2025-05-30T10:58:36: 2025-05-30T10:58:36: 
> react-boilerplate@4.0.0 start
> cross-env NODE_ENV=development node server

2025-05-30T10:58:37: 2025-05-30T10:58:37: 
> react-boilerplate@4.0.0 start
> cross-env NODE_ENV=development node server

2025-05-30T10:58:38: 2025-05-30T10:58:38: 
> react-boilerplate@4.0.0 start
> cross-env NODE_ENV=development node server

2025-05-30T10:58:39: 2025-05-30T10:58:39: 
> react-boilerplate@4.0.0 start
> cross-env NODE_ENV=development node server

2025-05-30T10:58:40: 2025-05-30T10:58:40: 
> react-boilerplate@4.0.0 start
> cross-env NODE_ENV=development node server

2025-05-30T10:58:40: 2025-05-30T10:58:41: 
> react-boilerplate@4.0.0 start
> cross-env NODE_ENV=development node server

2025-05-30T10:58:41: 2025-05-30T10:58:42: 
> react-boilerplate@4.0.0 start
> cross-env NODE_ENV=development node server

2025-05-30T10:58:42: 2025-05-30T10:58:42: 
> react-boilerplate@4.0.0 start
> cross-env NODE_ENV=development node server

2025-05-30T10:58:43: 2025-05-30T10:58:43: 
> react-boilerplate@4.0.0 start
> cross-env NODE_ENV=development node server

2025-05-30T10:58:44: 2025-05-30T10:58:44: 
> react-boilerplate@4.0.0 start
> cross-env NODE_ENV=development node server

2025-05-30T10:58:45: 2025-05-30T10:58:45: 
> react-boilerplate@4.0.0 start
> cross-env NODE_ENV=development node server

2025-05-30T10:58:46: 2025-05-30T10:58:46: 
> react-boilerplate@4.0.0 start
> cross-env NODE_ENV=development node server

2025-05-30T10:58:47: 2025-05-30T10:58:47: 
> react-boilerplate@4.0.0 start
> cross-env NODE_ENV=development node server

2025-05-30T10:58:48: 2025-05-30T10:58:48: 
> react-boilerplate@4.0.0 start
> cross-env NODE_ENV=development node server

2025-05-30T10:58:49: 2025-05-30T10:58:49: 
> react-boilerplate@4.0.0 start
> cross-env NODE_ENV=development node server

2025-05-30T10:58:50: 2025-05-30T10:58:50: 
> react-boilerplate@4.0.0 start
> cross-env NODE_ENV=development node server

2025-05-30T10:58:51: 2025-05-30T10:58:51: 
> react-boilerplate@4.0.0 start
> cross-env NODE_ENV=development node server

2025-05-30T10:58:51: 2025-05-30T10:58:52: 
> react-boilerplate@4.0.0 start
> cross-env NODE_ENV=development node server

2025-05-30T10:58:52: 2025-05-30T10:58:53: 
> react-boilerplate@4.0.0 start
> cross-env NODE_ENV=development node server

2025-05-30T10:58:53: 2025-05-30T10:58:54: 
> react-boilerplate@4.0.0 start
> cross-env NODE_ENV=development node server

2025-05-30T10:58:54: 2025-05-30T10:58:54: 
> react-boilerplate@4.0.0 start
> cross-env NODE_ENV=development node server

2025-05-30T10:58:55: 2025-05-30T10:58:55: 
> react-boilerplate@4.0.0 start
> cross-env NODE_ENV=development node server

2025-05-30T10:58:56: 2025-05-30T10:58:56: 
> react-boilerplate@4.0.0 start
> cross-env NODE_ENV=development node server

2025-05-30T10:58:57: 2025-05-30T10:58:57: 
> react-boilerplate@4.0.0 start
> cross-env NODE_ENV=development node server

2025-05-30T10:58:58: 2025-05-30T10:58:58: 
> react-boilerplate@4.0.0 start
> cross-env NODE_ENV=development node server

2025-05-30T10:58:59: 2025-05-30T10:58:59: 
> react-boilerplate@4.0.0 start
> cross-env NODE_ENV=development node server

2025-05-30T10:59:00: 2025-05-30T10:59:00: 
> react-boilerplate@4.0.0 start
> cross-env NODE_ENV=development node server

2025-05-30T10:59:01: 2025-05-30T10:59:01: 
> react-boilerplate@4.0.0 start
> cross-env NODE_ENV=development node server

2025-05-30T10:59:02: 2025-05-30T10:59:03: 
> react-boilerplate@4.0.0 start
> cross-env NODE_ENV=development node server

2025-05-30T10:59:03: 2025-05-30T10:59:04: 
> react-boilerplate@4.0.0 start
> cross-env NODE_ENV=development node server

2025-05-30T10:59:04: 2025-05-30T10:59:05: 
> react-boilerplate@4.0.0 start
> cross-env NODE_ENV=development node server

2025-05-30T10:59:05: 2025-05-30T10:59:06: 
> react-boilerplate@4.0.0 start
> cross-env NODE_ENV=development node server

2025-05-30T10:59:06: 2025-05-30T10:59:06: 
> react-boilerplate@4.0.0 start
> cross-env NODE_ENV=development node server

2025-05-30T10:59:07: 2025-05-30T10:59:07: 
> react-boilerplate@4.0.0 start
> cross-env NODE_ENV=development node server

2025-05-30T10:59:08: 2025-05-30T10:59:08: 
> react-boilerplate@4.0.0 start
> cross-env NODE_ENV=development node server

2025-05-30T10:59:09: 2025-05-30T10:59:09: 
> react-boilerplate@4.0.0 start
> cross-env NODE_ENV=development node server

2025-05-30T10:59:10: 2025-05-30T10:59:10: 
> react-boilerplate@4.0.0 start
> cross-env NODE_ENV=development node server

2025-05-30T10:59:11: 2025-05-30T10:59:11: 
> react-boilerplate@4.0.0 start
> cross-env NODE_ENV=development node server

2025-05-30T10:59:12: 2025-05-30T10:59:12: 
> react-boilerplate@4.0.0 start
> cross-env NODE_ENV=development node server

2025-05-30T10:59:13: 2025-05-30T10:59:13: 
> react-boilerplate@4.0.0 start
> cross-env NODE_ENV=development node server

2025-05-30T10:59:14: 2025-05-30T10:59:14: 
> react-boilerplate@4.0.0 start
> cross-env NODE_ENV=development node server

2025-05-30T10:59:14: 2025-05-30T10:59:15: 
> react-boilerplate@4.0.0 start
> cross-env NODE_ENV=development node server

2025-05-30T10:59:15: 2025-05-30T10:59:16: 
> react-boilerplate@4.0.0 start
> cross-env NODE_ENV=development node server

2025-05-30T10:59:16: 2025-05-30T10:59:16: 
> react-boilerplate@4.0.0 start
> cross-env NODE_ENV=development node server

2025-05-30T10:59:17: 2025-05-30T10:59:17: 
> react-boilerplate@4.0.0 start
> cross-env NODE_ENV=development node server

2025-05-30T10:59:18: 2025-05-30T10:59:18: 
> react-boilerplate@4.0.0 start
> cross-env NODE_ENV=development node server

2025-05-30T10:59:19: 2025-05-30T10:59:19: 
> react-boilerplate@4.0.0 start
> cross-env NODE_ENV=development node server

2025-05-30T10:59:20: 2025-05-30T10:59:20: 
> react-boilerplate@4.0.0 start
> cross-env NODE_ENV=development node server

2025-05-30T10:59:21: 2025-05-30T10:59:21: 
> react-boilerplate@4.0.0 start
> cross-env NODE_ENV=development node server

2025-05-30T10:59:22: 2025-05-30T10:59:22: 
> react-boilerplate@4.0.0 start
> cross-env NODE_ENV=development node server

2025-05-30T10:59:22: 2025-05-30T10:59:23: 
> react-boilerplate@4.0.0 start
> cross-env NODE_ENV=development node server

2025-05-30T10:59:23: 2025-05-30T10:59:24: 
> react-boilerplate@4.0.0 start
> cross-env NODE_ENV=development node server

2025-05-30T10:59:24: 2025-05-30T10:59:25: 
> react-boilerplate@4.0.0 start
> cross-env NODE_ENV=development node server

2025-05-30T10:59:25: 2025-05-30T10:59:25: 
> react-boilerplate@4.0.0 start
> cross-env NODE_ENV=development node server

2025-05-30T10:59:26: 2025-05-30T10:59:26: 
> react-boilerplate@4.0.0 start
> cross-env NODE_ENV=development node server

2025-05-30T10:59:27: 2025-05-30T10:59:27: 
> react-boilerplate@4.0.0 start
> cross-env NODE_ENV=development node server

2025-05-30T10:59:28: 2025-05-30T10:59:28: 
> react-boilerplate@4.0.0 start
> cross-env NODE_ENV=development node server

2025-05-30T10:59:29: 2025-05-30T10:59:29: 
> react-boilerplate@4.0.0 start
> cross-env NODE_ENV=development node server

2025-05-30T10:59:30: 2025-05-30T10:59:30: 
> react-boilerplate@4.0.0 start
> cross-env NODE_ENV=development node server

2025-05-30T10:59:31: 2025-05-30T10:59:31: 
> react-boilerplate@4.0.0 start
> cross-env NODE_ENV=development node server

2025-05-30T10:59:32: 2025-05-30T10:59:32: 
> react-boilerplate@4.0.0 start
> cross-env NODE_ENV=development node server

2025-05-30T10:59:33: 2025-05-30T10:59:33: 
> react-boilerplate@4.0.0 start
> cross-env NODE_ENV=development node server

2025-05-30T10:59:33: 2025-05-30T10:59:34: 
> react-boilerplate@4.0.0 start
> cross-env NODE_ENV=development node server

2025-05-30T10:59:34: 2025-05-30T10:59:34: 2025-05-30T10:59:35: 
> react-boilerplate@4.0.0 start
> cross-env NODE_ENV=development node server

2025-05-30T10:59:35: 2025-05-30T10:59:35: 
> react-boilerplate@4.0.0 start
> cross-env NODE_ENV=development node server

2025-05-30T10:59:36: 2025-05-30T10:59:36: 
> react-boilerplate@4.0.0 start
> cross-env NODE_ENV=development node server

2025-05-30T10:59:37: 2025-05-30T10:59:37: 
> react-boilerplate@4.0.0 start
> cross-env NODE_ENV=development node server

2025-05-30T10:59:38: 2025-05-30T10:59:38: 
> react-boilerplate@4.0.0 start
> cross-env NODE_ENV=development node server

2025-05-30T10:59:39: 2025-05-30T10:59:39: 
> react-boilerplate@4.0.0 start
> cross-env NODE_ENV=development node server

2025-05-30T10:59:40: 2025-05-30T10:59:40: 
> react-boilerplate@4.0.0 start
> cross-env NODE_ENV=development node server

2025-05-30T10:59:41: 2025-05-30T10:59:41: 
> react-boilerplate@4.0.0 start
> cross-env NODE_ENV=development node server

2025-05-30T10:59:42: 2025-05-30T10:59:42: 
> react-boilerplate@4.0.0 start
> cross-env NODE_ENV=development node server

2025-05-30T10:59:42: 2025-05-30T10:59:43: 
> react-boilerplate@4.0.0 start
> cross-env NODE_ENV=development node server

2025-05-30T10:59:43: 2025-05-30T10:59:44: 
> react-boilerplate@4.0.0 start
> cross-env NODE_ENV=development node server

2025-05-30T10:59:44: 2025-05-30T10:59:44: 
> react-boilerplate@4.0.0 start
> cross-env NODE_ENV=development node server

2025-05-30T10:59:45: 2025-05-30T10:59:45: 
> react-boilerplate@4.0.0 start
> cross-env NODE_ENV=development node server

2025-05-30T10:59:46: 2025-05-30T10:59:46: 
> react-boilerplate@4.0.0 start
> cross-env NODE_ENV=development node server

2025-05-30T10:59:47: 2025-05-30T10:59:47: 
> react-boilerplate@4.0.0 start
> cross-env NODE_ENV=development node server

2025-05-30T10:59:48: 2025-05-30T10:59:48: 
> react-boilerplate@4.0.0 start
> cross-env NODE_ENV=development node server

2025-05-30T10:59:49: 2025-05-30T10:59:49: 
> react-boilerplate@4.0.0 start
> cross-env NODE_ENV=development node server

2025-05-30T10:59:50: 2025-05-30T10:59:50: 
> react-boilerplate@4.0.0 start
> cross-env NODE_ENV=development node server

2025-05-30T10:59:51: 2025-05-30T10:59:51: 
> react-boilerplate@4.0.0 start
> cross-env NODE_ENV=development node server

2025-05-30T10:59:52: 2025-05-30T10:59:52: 
> react-boilerplate@4.0.0 start
> cross-env NODE_ENV=development node server

2025-05-30T10:59:52: 2025-05-30T10:59:53: 
> react-boilerplate@4.0.0 start
> cross-env NODE_ENV=development node server

2025-05-30T10:59:53: 2025-05-30T10:59:54: 
> react-boilerplate@4.0.0 start
> cross-env NODE_ENV=development node server

2025-05-30T10:59:54: 2025-05-30T10:59:54: 
> react-boilerplate@4.0.0 start
> cross-env NODE_ENV=development node server

2025-05-30T10:59:55: 2025-05-30T10:59:55: 
> react-boilerplate@4.0.0 start
> cross-env NODE_ENV=development node server

2025-05-30T10:59:56: 2025-05-30T10:59:56: 
> react-boilerplate@4.0.0 start
> cross-env NODE_ENV=development node server

2025-05-30T10:59:57: 2025-05-30T10:59:57: 
> react-boilerplate@4.0.0 start
> cross-env NODE_ENV=development node server

2025-05-30T10:59:58: 2025-05-30T10:59:58: 
> react-boilerplate@4.0.0 start
> cross-env NODE_ENV=development node server

2025-05-30T10:59:59: 2025-05-30T10:59:59: 
> react-boilerplate@4.0.0 start
> cross-env NODE_ENV=development node server

2025-05-30T11:00:00: 2025-05-30T11:00:00: 
> react-boilerplate@4.0.0 start
> cross-env NODE_ENV=development node server

2025-05-30T11:00:01: 2025-05-30T11:00:02: 
> react-boilerplate@4.0.0 start
> cross-env NODE_ENV=development node server

2025-05-30T11:00:03: 2025-05-30T11:00:04: 
> react-boilerplate@4.0.0 start
> cross-env NODE_ENV=development node server

2025-05-30T11:00:04: 2025-05-30T11:00:05: 
> react-boilerplate@4.0.0 start
> cross-env NODE_ENV=development node server

2025-05-30T11:00:05: 2025-05-30T11:00:06: 
> react-boilerplate@4.0.0 start
> cross-env NODE_ENV=development node server

2025-05-30T11:00:06: 2025-05-30T11:00:07: 
> react-boilerplate@4.0.0 start
> cross-env NODE_ENV=development node server

2025-05-30T11:00:07: 2025-05-30T11:00:07: 
> react-boilerplate@4.0.0 start
> cross-env NODE_ENV=development node server

2025-05-30T11:00:08: 2025-05-30T11:00:08: 
> react-boilerplate@4.0.0 start
> cross-env NODE_ENV=development node server

2025-05-30T11:00:09: 2025-05-30T11:00:09: 
> react-boilerplate@4.0.0 start
> cross-env NODE_ENV=development node server

2025-05-30T11:00:10: 2025-05-30T11:00:10: 
> react-boilerplate@4.0.0 start
> cross-env NODE_ENV=development node server

2025-05-30T11:00:11: 2025-05-30T11:00:11: 
> react-boilerplate@4.0.0 start
> cross-env NODE_ENV=development node server

2025-05-30T11:00:12: 2025-05-30T11:00:12: 
> react-boilerplate@4.0.0 start
> cross-env NODE_ENV=development node server

2025-05-30T11:00:13: 2025-05-30T11:00:13: 
> react-boilerplate@4.0.0 start
> cross-env NODE_ENV=development node server

2025-05-30T11:00:14: 2025-05-30T11:00:14: 
> react-boilerplate@4.0.0 start
> cross-env NODE_ENV=development node server

2025-05-30T11:00:15: 2025-05-30T11:00:15: 
> react-boilerplate@4.0.0 start
> cross-env NODE_ENV=development node server

2025-05-30T11:00:16: 2025-05-30T11:00:16: 
> react-boilerplate@4.0.0 start
> cross-env NODE_ENV=development node server

2025-05-30T11:00:16: 2025-05-30T11:00:17: 
> react-boilerplate@4.0.0 start
> cross-env NODE_ENV=development node server

2025-05-30T11:00:17: 2025-05-30T11:00:18: 
> react-boilerplate@4.0.0 start
> cross-env NODE_ENV=development node server

2025-05-30T11:00:18: 2025-05-30T11:00:18: 2025-05-30T11:00:18: 
> react-boilerplate@4.0.0 start
> cross-env NODE_ENV=development node server

2025-05-30T11:00:19: 2025-05-30T11:00:19: 
> react-boilerplate@4.0.0 start
> cross-env NODE_ENV=development node server

2025-05-30T11:00:20: 2025-05-30T11:00:20: 
> react-boilerplate@4.0.0 start
> cross-env NODE_ENV=development node server

2025-05-30T11:00:21: 2025-05-30T11:00:21: 
> react-boilerplate@4.0.0 start
> cross-env NODE_ENV=development node server

2025-05-30T11:00:22: 2025-05-30T11:00:22: 
> react-boilerplate@4.0.0 start
> cross-env NODE_ENV=development node server

2025-05-30T11:00:23: 2025-05-30T11:00:23: 
> react-boilerplate@4.0.0 start
> cross-env NODE_ENV=development node server

2025-05-30T11:00:24: 2025-05-30T11:00:24: 
> react-boilerplate@4.0.0 start
> cross-env NODE_ENV=development node server

2025-05-30T11:00:25: 2025-05-30T11:00:25: 
> react-boilerplate@4.0.0 start
> cross-env NODE_ENV=development node server

2025-05-30T11:00:26: 2025-05-30T11:00:26: 
> react-boilerplate@4.0.0 start
> cross-env NODE_ENV=development node server

2025-05-30T11:00:27: 2025-05-30T11:00:27: 
> react-boilerplate@4.0.0 start
> cross-env NODE_ENV=development node server

2025-05-30T11:00:27: 2025-05-30T11:00:28: 
> react-boilerplate@4.0.0 start
> cross-env NODE_ENV=development node server

2025-05-30T11:00:28: 2025-05-30T11:00:29: 
> react-boilerplate@4.0.0 start
> cross-env NODE_ENV=development node server

2025-05-30T11:00:29: 2025-05-30T11:00:30: 
> react-boilerplate@4.0.0 start
> cross-env NODE_ENV=development node server

2025-05-30T11:00:30: 2025-05-30T11:00:31: 
> react-boilerplate@4.0.0 start
> cross-env NODE_ENV=development node server

2025-05-30T11:00:31: 2025-05-30T11:00:31: 
> react-boilerplate@4.0.0 start
> cross-env NODE_ENV=development node server

2025-05-30T11:00:32: 2025-05-30T11:00:32: 
> react-boilerplate@4.0.0 start
> cross-env NODE_ENV=development node server

2025-05-30T11:00:33: 2025-05-30T11:00:33: 
> react-boilerplate@4.0.0 start
> cross-env NODE_ENV=development node server

2025-05-30T11:00:34: 2025-05-30T11:00:34: 
> react-boilerplate@4.0.0 start
> cross-env NODE_ENV=development node server

2025-05-30T11:00:35: 2025-05-30T11:00:35: 
> react-boilerplate@4.0.0 start
> cross-env NODE_ENV=development node server

2025-05-30T11:00:36: 2025-05-30T11:00:36: 
> react-boilerplate@4.0.0 start
> cross-env NODE_ENV=development node server

2025-05-30T11:00:37: 2025-05-30T11:00:37: 
> react-boilerplate@4.0.0 start
> cross-env NODE_ENV=development node server

2025-05-30T11:00:38: 2025-05-30T11:00:38: 
> react-boilerplate@4.0.0 start
> cross-env NODE_ENV=development node server

2025-05-30T11:00:38: 2025-05-30T11:00:39: 
> react-boilerplate@4.0.0 start
> cross-env NODE_ENV=development node server

2025-05-30T11:00:39: 2025-05-30T11:00:40: 
> react-boilerplate@4.0.0 start
> cross-env NODE_ENV=development node server

2025-05-30T11:00:40: 2025-05-30T11:00:41: 
> react-boilerplate@4.0.0 start
> cross-env NODE_ENV=development node server

2025-05-30T11:00:41: 2025-05-30T11:00:41: 
> react-boilerplate@4.0.0 start
> cross-env NODE_ENV=development node server

2025-05-30T11:00:42: 2025-05-30T11:00:42: 
> react-boilerplate@4.0.0 start
> cross-env NODE_ENV=development node server

2025-05-30T11:00:43: 2025-05-30T11:00:43: 
> react-boilerplate@4.0.0 start
> cross-env NODE_ENV=development node server

2025-05-30T11:00:44: 2025-05-30T11:00:44: 
> react-boilerplate@4.0.0 start
> cross-env NODE_ENV=development node server

2025-05-30T11:00:45: 2025-05-30T11:00:45: 
> react-boilerplate@4.0.0 start
> cross-env NODE_ENV=development node server

2025-05-30T11:00:46: 2025-05-30T11:00:46: 
> react-boilerplate@4.0.0 start
> cross-env NODE_ENV=development node server

2025-05-30T11:00:47: 2025-05-30T11:00:47: 
> react-boilerplate@4.0.0 start
> cross-env NODE_ENV=development node server

2025-05-30T11:00:48: 2025-05-30T11:00:48: 
> react-boilerplate@4.0.0 start
> cross-env NODE_ENV=development node server

2025-05-30T11:00:48: 2025-05-30T11:00:49: 
> react-boilerplate@4.0.0 start
> cross-env NODE_ENV=development node server

2025-05-30T11:00:49: 2025-05-30T11:00:50: 
> react-boilerplate@4.0.0 start
> cross-env NODE_ENV=development node server

2025-05-30T11:00:50: 2025-05-30T11:00:51: 
> react-boilerplate@4.0.0 start
> cross-env NODE_ENV=development node server

2025-05-30T11:00:51: 2025-05-30T11:00:52: 
> react-boilerplate@4.0.0 start
> cross-env NODE_ENV=development node server

2025-05-30T11:00:52: 2025-05-30T11:00:52: 
> react-boilerplate@4.0.0 start
> cross-env NODE_ENV=development node server

2025-05-30T11:00:53: 2025-05-30T11:00:53: 
> react-boilerplate@4.0.0 start
> cross-env NODE_ENV=development node server

2025-05-30T11:00:54: 2025-05-30T11:00:54: 
> react-boilerplate@4.0.0 start
> cross-env NODE_ENV=development node server

2025-05-30T11:00:55: 2025-05-30T11:00:55: 
> react-boilerplate@4.0.0 start
> cross-env NODE_ENV=development node server

2025-05-30T11:00:56: 2025-05-30T11:00:56: 
> react-boilerplate@4.0.0 start
> cross-env NODE_ENV=development node server

2025-05-30T11:00:57: 2025-05-30T11:00:57: 
> react-boilerplate@4.0.0 start
> cross-env NODE_ENV=development node server

2025-05-30T11:00:58: 2025-05-30T11:00:58: 
> react-boilerplate@4.0.0 start
> cross-env NODE_ENV=development node server

2025-05-30T11:00:59: 2025-05-30T11:00:59: 
> react-boilerplate@4.0.0 start
> cross-env NODE_ENV=development node server

2025-05-30T11:01:00: 2025-05-30T11:01:00: 
> react-boilerplate@4.0.0 start
> cross-env NODE_ENV=development node server

2025-05-30T11:01:01: 2025-05-30T11:01:01: 
> react-boilerplate@4.0.0 start
> cross-env NODE_ENV=development node server

2025-05-30T11:01:03: 2025-05-30T11:01:03: 
> react-boilerplate@4.0.0 start
> cross-env NODE_ENV=development node server

2025-05-30T11:01:04: 2025-05-30T11:01:04: 
> react-boilerplate@4.0.0 start
> cross-env NODE_ENV=development node server

2025-05-30T11:01:04: 2025-05-30T11:01:05: 
> react-boilerplate@4.0.0 start
> cross-env NODE_ENV=development node server

2025-05-30T11:01:05: 2025-05-30T11:01:06: 
> react-boilerplate@4.0.0 start
> cross-env NODE_ENV=development node server

2025-05-30T11:01:06: 2025-05-30T11:01:07: 
> react-boilerplate@4.0.0 start
> cross-env NODE_ENV=development node server

2025-05-30T11:01:07: 2025-05-30T11:01:07: 
> react-boilerplate@4.0.0 start
> cross-env NODE_ENV=development node server

2025-05-30T11:01:08: 2025-05-30T11:01:08: 
> react-boilerplate@4.0.0 start
> cross-env NODE_ENV=development node server

2025-05-30T11:01:09: 2025-05-30T11:01:09: 
> react-boilerplate@4.0.0 start
> cross-env NODE_ENV=development node server

2025-05-30T11:01:10: 2025-05-30T11:01:10: 
> react-boilerplate@4.0.0 start
> cross-env NODE_ENV=development node server

2025-05-30T11:01:11: 2025-05-30T11:01:11: 
> react-boilerplate@4.0.0 start
> cross-env NODE_ENV=development node server

2025-05-30T11:01:12: 2025-05-30T11:01:12: 
> react-boilerplate@4.0.0 start
> cross-env NODE_ENV=development node server

2025-05-30T11:01:13: 2025-05-30T11:01:13: 
> react-boilerplate@4.0.0 start
> cross-env NODE_ENV=development node server

2025-05-30T11:01:14: 2025-05-30T11:01:14: 
> react-boilerplate@4.0.0 start
> cross-env NODE_ENV=development node server

2025-05-30T11:01:15: 2025-05-30T11:01:15: 
> react-boilerplate@4.0.0 start
> cross-env NODE_ENV=development node server

2025-05-30T11:01:16: 2025-05-30T11:01:16: 
> react-boilerplate@4.0.0 start
> cross-env NODE_ENV=development node server

2025-05-30T11:01:17: 2025-05-30T11:01:17: 
> react-boilerplate@4.0.0 start
> cross-env NODE_ENV=development node server

2025-05-30T11:01:17: 2025-05-30T11:01:18: 
> react-boilerplate@4.0.0 start
> cross-env NODE_ENV=development node server

2025-05-30T11:01:18: 2025-05-30T11:01:19: 
> react-boilerplate@4.0.0 start
> cross-env NODE_ENV=development node server

2025-05-30T11:01:19: 2025-05-30T11:01:20: 
> react-boilerplate@4.0.0 start
> cross-env NODE_ENV=development node server

2025-05-30T11:01:20: 2025-05-30T11:01:20: 
> react-boilerplate@4.0.0 start
> cross-env NODE_ENV=development node server

2025-05-30T11:01:21: 2025-05-30T11:01:21: 
> react-boilerplate@4.0.0 start
> cross-env NODE_ENV=development node server

2025-05-30T11:01:22: 2025-05-30T11:01:22: 
> react-boilerplate@4.0.0 start
> cross-env NODE_ENV=development node server

2025-05-30T11:01:23: 2025-05-30T11:01:23: 
> react-boilerplate@4.0.0 start
> cross-env NODE_ENV=development node server

2025-05-30T11:01:24: 2025-05-30T11:01:24: 
> react-boilerplate@4.0.0 start
> cross-env NODE_ENV=development node server

2025-05-30T11:01:25: 2025-05-30T11:01:25: 
> react-boilerplate@4.0.0 start
> cross-env NODE_ENV=development node server

2025-05-30T11:01:26: 2025-05-30T11:01:26: 
> react-boilerplate@4.0.0 start
> cross-env NODE_ENV=development node server

2025-05-30T11:01:27: 2025-05-30T11:01:27: 
> react-boilerplate@4.0.0 start
> cross-env NODE_ENV=development node server

2025-05-30T11:01:28: 2025-05-30T11:01:28: 
> react-boilerplate@4.0.0 start
> cross-env NODE_ENV=development node server

2025-05-30T11:01:29: 2025-05-30T11:01:29: 
> react-boilerplate@4.0.0 start
> cross-env NODE_ENV=development node server

2025-05-30T11:01:30: 2025-05-30T11:01:30: 
> react-boilerplate@4.0.0 start
> cross-env NODE_ENV=development node server

2025-05-30T11:01:31: 2025-05-30T11:01:31: 
> react-boilerplate@4.0.0 start
> cross-env NODE_ENV=development node server

2025-05-30T11:01:31: 2025-05-30T11:01:32: 
> react-boilerplate@4.0.0 start
> cross-env NODE_ENV=development node server

2025-05-30T11:01:32: 2025-05-30T11:01:33: 
> react-boilerplate@4.0.0 start
> cross-env NODE_ENV=development node server

2025-05-30T11:01:33: 2025-05-30T11:01:34: 
> react-boilerplate@4.0.0 start
> cross-env NODE_ENV=development node server

2025-05-30T11:01:34: 2025-05-30T11:01:35: 
> react-boilerplate@4.0.0 start
> cross-env NODE_ENV=development node server

2025-05-30T11:01:36: 2025-05-30T11:01:36: 
> react-boilerplate@4.0.0 start
> cross-env NODE_ENV=development node server

2025-05-30T11:01:37: 2025-05-30T11:01:37: 
> react-boilerplate@4.0.0 start
> cross-env NODE_ENV=development node server

2025-05-30T11:01:38: 2025-05-30T11:01:38: 
> react-boilerplate@4.0.0 start
> cross-env NODE_ENV=development node server

2025-05-30T11:01:39: 2025-05-30T11:01:39: 
> react-boilerplate@4.0.0 start
> cross-env NODE_ENV=development node server

2025-05-30T11:01:40: 2025-05-30T11:01:40: 
> react-boilerplate@4.0.0 start
> cross-env NODE_ENV=development node server

2025-05-30T11:01:40: 2025-05-30T11:01:41: 
> react-boilerplate@4.0.0 start
> cross-env NODE_ENV=development node server

2025-05-30T11:01:41: 2025-05-30T11:01:42: 
> react-boilerplate@4.0.0 start
> cross-env NODE_ENV=development node server

2025-05-30T11:01:42: 2025-05-30T11:01:43: 
> react-boilerplate@4.0.0 start
> cross-env NODE_ENV=development node server

2025-05-30T11:01:43: 2025-05-30T11:01:43: 
> react-boilerplate@4.0.0 start
> cross-env NODE_ENV=development node server

2025-05-30T11:01:44: 2025-05-30T11:01:44: 
> react-boilerplate@4.0.0 start
> cross-env NODE_ENV=development node server

2025-05-30T11:01:45: 2025-05-30T11:01:45: 
> react-boilerplate@4.0.0 start
> cross-env NODE_ENV=development node server

2025-05-30T11:01:46: 2025-05-30T11:01:46: 
> react-boilerplate@4.0.0 start
> cross-env NODE_ENV=development node server

2025-05-30T11:01:47: 2025-05-30T11:01:47: 
> react-boilerplate@4.0.0 start
> cross-env NODE_ENV=development node server

2025-05-30T11:01:48: 2025-05-30T11:01:48: 
> react-boilerplate@4.0.0 start
> cross-env NODE_ENV=development node server

2025-05-30T11:01:49: 2025-05-30T11:01:49: 
> react-boilerplate@4.0.0 start
> cross-env NODE_ENV=development node server

2025-05-30T11:01:50: 2025-05-30T11:01:50: 
> react-boilerplate@4.0.0 start
> cross-env NODE_ENV=development node server

2025-05-30T11:01:51: 2025-05-30T11:01:51: 
> react-boilerplate@4.0.0 start
> cross-env NODE_ENV=development node server

2025-05-30T11:01:52: 2025-05-30T11:01:52: 
> react-boilerplate@4.0.0 start
> cross-env NODE_ENV=development node server

2025-05-30T11:01:53: 2025-05-30T11:01:53: 
> react-boilerplate@4.0.0 start
> cross-env NODE_ENV=development node server

2025-05-30T11:01:54: 2025-05-30T11:01:54: 
> react-boilerplate@4.0.0 start
> cross-env NODE_ENV=development node server

2025-05-30T11:01:55: 2025-05-30T11:01:55: 
> react-boilerplate@4.0.0 start
> cross-env NODE_ENV=development node server

2025-05-30T11:01:56: 2025-05-30T11:01:56: 
> react-boilerplate@4.0.0 start
> cross-env NODE_ENV=development node server

2025-05-30T11:01:57: 2025-05-30T11:01:57: 
> react-boilerplate@4.0.0 start
> cross-env NODE_ENV=development node server

2025-05-30T11:01:57: 2025-05-30T11:01:58: 
> react-boilerplate@4.0.0 start
> cross-env NODE_ENV=development node server

2025-05-30T11:01:58: 2025-05-30T11:01:59: 
> react-boilerplate@4.0.0 start
> cross-env NODE_ENV=development node server

2025-05-30T11:01:59: 2025-05-30T11:02:00: 
> react-boilerplate@4.0.0 start
> cross-env NODE_ENV=development node server

2025-05-30T11:02:00: 2025-05-30T11:02:01: 
> react-boilerplate@4.0.0 start
> cross-env NODE_ENV=development node server

2025-05-30T11:02:02: 2025-05-30T11:02:03: 
> react-boilerplate@4.0.0 start
> cross-env NODE_ENV=development node server

2025-05-30T11:02:03: 2025-05-30T11:02:04: 
> react-boilerplate@4.0.0 start
> cross-env NODE_ENV=development node server

2025-05-30T11:02:04: 2025-05-30T11:02:05: 
> react-boilerplate@4.0.0 start
> cross-env NODE_ENV=development node server

2025-05-30T11:02:05: 2025-05-30T11:02:06: 
> react-boilerplate@4.0.0 start
> cross-env NODE_ENV=development node server

2025-05-30T11:02:06: 2025-05-30T11:02:07: 
> react-boilerplate@4.0.0 start
> cross-env NODE_ENV=development node server

2025-05-30T11:02:07: 2025-05-30T11:02:07: 
> react-boilerplate@4.0.0 start
> cross-env NODE_ENV=development node server

2025-05-30T11:02:08: 2025-05-30T11:02:08: 
> react-boilerplate@4.0.0 start
> cross-env NODE_ENV=development node server

2025-05-30T11:02:09: 2025-05-30T11:02:09: 
> react-boilerplate@4.0.0 start
> cross-env NODE_ENV=development node server

2025-05-30T11:02:10: 2025-05-30T11:02:10: 
> react-boilerplate@4.0.0 start
> cross-env NODE_ENV=development node server

2025-05-30T11:02:11: 2025-05-30T11:02:11: 
> react-boilerplate@4.0.0 start
> cross-env NODE_ENV=development node server

2025-05-30T11:02:12: 2025-05-30T11:02:12: 
> react-boilerplate@4.0.0 start
> cross-env NODE_ENV=development node server

2025-05-30T11:02:13: 2025-05-30T11:02:13: 
> react-boilerplate@4.0.0 start
> cross-env NODE_ENV=development node server

2025-05-30T11:02:14: 2025-05-30T11:02:14: 
> react-boilerplate@4.0.0 start
> cross-env NODE_ENV=development node server

2025-05-30T11:02:15: 2025-05-30T11:02:15: 
> react-boilerplate@4.0.0 start
> cross-env NODE_ENV=development node server

2025-05-30T11:02:16: 2025-05-30T11:02:16: 
> react-boilerplate@4.0.0 start
> cross-env NODE_ENV=development node server

2025-05-30T11:02:17: 2025-05-30T11:02:17: 
> react-boilerplate@4.0.0 start
> cross-env NODE_ENV=development node server

2025-05-30T11:02:18: 2025-05-30T11:02:18: 
> react-boilerplate@4.0.0 start
> cross-env NODE_ENV=development node server

2025-05-30T11:02:18: 2025-05-30T11:02:19: 
> react-boilerplate@4.0.0 start
> cross-env NODE_ENV=development node server

2025-05-30T11:02:19: 2025-05-30T11:02:20: 
> react-boilerplate@4.0.0 start
> cross-env NODE_ENV=development node server

2025-05-30T11:02:20: 2025-05-30T11:02:21: 
> react-boilerplate@4.0.0 start
> cross-env NODE_ENV=development node server

2025-05-30T11:02:21: 2025-05-30T11:02:22: 
> react-boilerplate@4.0.0 start
> cross-env NODE_ENV=development node server

2025-05-30T11:02:22: 2025-05-30T11:02:22: 
> react-boilerplate@4.0.0 start
> cross-env NODE_ENV=development node server

2025-05-30T11:02:23: 2025-05-30T11:02:23: 
> react-boilerplate@4.0.0 start
> cross-env NODE_ENV=development node server

2025-05-30T11:02:24: 2025-05-30T11:02:24: 
> react-boilerplate@4.0.0 start
> cross-env NODE_ENV=development node server

2025-05-30T11:02:25: 2025-05-30T11:02:25: 
> react-boilerplate@4.0.0 start
> cross-env NODE_ENV=development node server

2025-05-30T11:02:26: 2025-05-30T11:02:26: 
> react-boilerplate@4.0.0 start
> cross-env NODE_ENV=development node server

2025-05-30T11:02:27: 2025-05-30T11:02:27: 
> react-boilerplate@4.0.0 start
> cross-env NODE_ENV=development node server

2025-05-30T11:02:28: 2025-05-30T11:02:28: 
> react-boilerplate@4.0.0 start
> cross-env NODE_ENV=development node server

2025-05-30T11:02:29: 2025-05-30T11:02:29: 
> react-boilerplate@4.0.0 start
> cross-env NODE_ENV=development node server

2025-05-30T11:02:30: 2025-05-30T11:02:30: 
> react-boilerplate@4.0.0 start
> cross-env NODE_ENV=development node server

2025-05-30T11:02:31: 2025-05-30T11:02:31: 
> react-boilerplate@4.0.0 start
> cross-env NODE_ENV=development node server

2025-05-30T11:02:32: 2025-05-30T11:02:32: 
> react-boilerplate@4.0.0 start
> cross-env NODE_ENV=development node server

2025-05-30T11:02:33: 2025-05-30T11:02:33: 
> react-boilerplate@4.0.0 start
> cross-env NODE_ENV=development node server

2025-05-30T11:02:34: 2025-05-30T11:02:34: 
> react-boilerplate@4.0.0 start
> cross-env NODE_ENV=development node server

2025-05-30T11:02:35: 2025-05-30T11:02:36: 
> react-boilerplate@4.0.0 start
> cross-env NODE_ENV=development node server

2025-05-30T11:02:36: 2025-05-30T11:02:37: 
> react-boilerplate@4.0.0 start
> cross-env NODE_ENV=development node server

2025-05-30T11:02:37: 2025-05-30T11:02:38: 
> react-boilerplate@4.0.0 start
> cross-env NODE_ENV=development node server

2025-05-30T11:02:38: 2025-05-30T11:02:39: 
> react-boilerplate@4.0.0 start
> cross-env NODE_ENV=development node server

2025-05-30T11:02:40: 2025-05-30T11:02:40: 
> react-boilerplate@4.0.0 start
> cross-env NODE_ENV=development node server

2025-05-30T11:02:41: 2025-05-30T11:02:41: 
> react-boilerplate@4.0.0 start
> cross-env NODE_ENV=development node server

2025-05-30T11:02:42: 2025-05-30T11:02:42: 
> react-boilerplate@4.0.0 start
> cross-env NODE_ENV=development node server

2025-05-30T11:02:43: 2025-05-30T11:02:43: 
> react-boilerplate@4.0.0 start
> cross-env NODE_ENV=development node server

2025-05-30T11:02:44: 2025-05-30T11:02:44: 
> react-boilerplate@4.0.0 start
> cross-env NODE_ENV=development node server

2025-05-30T11:02:45: 2025-05-30T11:02:45: 
> react-boilerplate@4.0.0 start
> cross-env NODE_ENV=development node server

2025-05-30T11:02:46: 2025-05-30T11:02:46: 
> react-boilerplate@4.0.0 start
> cross-env NODE_ENV=development node server

2025-05-30T11:02:47: 2025-05-30T11:02:47: 
> react-boilerplate@4.0.0 start
> cross-env NODE_ENV=development node server

2025-05-30T11:02:48: 2025-05-30T11:02:48: 
> react-boilerplate@4.0.0 start
> cross-env NODE_ENV=development node server

2025-05-30T11:02:49: 2025-05-30T11:02:49: 
> react-boilerplate@4.0.0 start
> cross-env NODE_ENV=development node server

2025-05-30T11:02:50: 2025-05-30T11:02:50: 
> react-boilerplate@4.0.0 start
> cross-env NODE_ENV=development node server

2025-05-30T11:02:51: 2025-05-30T11:02:51: 
> react-boilerplate@4.0.0 start
> cross-env NODE_ENV=development node server

2025-05-30T11:02:52: 2025-05-30T11:02:52: 
> react-boilerplate@4.0.0 start
> cross-env NODE_ENV=development node server

2025-05-30T11:02:53: 2025-05-30T11:02:53: 
> react-boilerplate@4.0.0 start
> cross-env NODE_ENV=development node server

2025-05-30T11:02:54: 2025-05-30T11:02:54: 
> react-boilerplate@4.0.0 start
> cross-env NODE_ENV=development node server

2025-05-30T11:02:55: 2025-05-30T11:02:55: 
> react-boilerplate@4.0.0 start
> cross-env NODE_ENV=development node server

2025-05-30T11:02:56: 2025-05-30T11:02:56: 
> react-boilerplate@4.0.0 start
> cross-env NODE_ENV=development node server

2025-05-30T11:02:57: 2025-05-30T11:02:57: 
> react-boilerplate@4.0.0 start
> cross-env NODE_ENV=development node server

2025-05-30T11:02:58: 2025-05-30T11:02:58: 
> react-boilerplate@4.0.0 start
> cross-env NODE_ENV=development node server

2025-05-30T11:02:59: 2025-05-30T11:02:59: 
> react-boilerplate@4.0.0 start
> cross-env NODE_ENV=development node server

2025-05-30T11:03:00: 2025-05-30T11:03:00: 
> react-boilerplate@4.0.0 start
> cross-env NODE_ENV=development node server

2025-05-30T11:03:01: 2025-05-30T11:03:02: 
> react-boilerplate@4.0.0 start
> cross-env NODE_ENV=development node server

2025-05-30T11:03:03: 2025-05-30T11:03:03: 
> react-boilerplate@4.0.0 start
> cross-env NODE_ENV=development node server

2025-05-30T11:03:04: 2025-05-30T11:03:04: 
> react-boilerplate@4.0.0 start
> cross-env NODE_ENV=development node server

2025-05-30T11:03:05: 2025-05-30T11:03:05: 
> react-boilerplate@4.0.0 start
> cross-env NODE_ENV=development node server

2025-05-30T11:03:06: 2025-05-30T11:03:06: 
> react-boilerplate@4.0.0 start
> cross-env NODE_ENV=development node server

2025-05-30T11:03:07: 2025-05-30T11:03:07: 
> react-boilerplate@4.0.0 start
> cross-env NODE_ENV=development node server

2025-05-30T11:03:08: 2025-05-30T11:03:08: 
> react-boilerplate@4.0.0 start
> cross-env NODE_ENV=development node server

2025-05-30T11:03:09: 2025-05-30T11:03:09: 
> react-boilerplate@4.0.0 start
> cross-env NODE_ENV=development node server

2025-05-30T11:03:10: 2025-05-30T11:03:10: 
> react-boilerplate@4.0.0 start
> cross-env NODE_ENV=development node server

2025-05-30T11:03:11: 2025-05-30T11:03:11: 
> react-boilerplate@4.0.0 start
> cross-env NODE_ENV=development node server

2025-05-30T11:03:12: 2025-05-30T11:03:12: 
> react-boilerplate@4.0.0 start
> cross-env NODE_ENV=development node server

2025-05-30T11:03:13: 2025-05-30T11:03:13: 
> react-boilerplate@4.0.0 start
> cross-env NODE_ENV=development node server

2025-05-30T11:03:14: 2025-05-30T11:03:14: 
> react-boilerplate@4.0.0 start
> cross-env NODE_ENV=development node server

2025-05-30T11:03:15: 2025-05-30T11:03:15: 
> react-boilerplate@4.0.0 start
> cross-env NODE_ENV=development node server

2025-05-30T11:03:16: 2025-05-30T11:03:16: 
> react-boilerplate@4.0.0 start
> cross-env NODE_ENV=development node server

2025-05-30T11:03:17: 2025-05-30T11:03:17: 
> react-boilerplate@4.0.0 start
> cross-env NODE_ENV=development node server

2025-05-30T11:03:18: 2025-05-30T11:03:18: 
> react-boilerplate@4.0.0 start
> cross-env NODE_ENV=development node server

2025-05-30T11:03:19: 2025-05-30T11:03:19: 
> react-boilerplate@4.0.0 start
> cross-env NODE_ENV=development node server

2025-05-30T11:03:20: 2025-05-30T11:03:20: 
> react-boilerplate@4.0.0 start
> cross-env NODE_ENV=development node server

2025-05-30T11:03:21: 2025-05-30T11:03:21: 
> react-boilerplate@4.0.0 start
> cross-env NODE_ENV=development node server

2025-05-30T11:03:22: 2025-05-30T11:03:22: 
> react-boilerplate@4.0.0 start
> cross-env NODE_ENV=development node server

2025-05-30T11:03:23: 2025-05-30T11:03:23: 
> react-boilerplate@4.0.0 start
> cross-env NODE_ENV=development node server

2025-05-30T11:03:24: 2025-05-30T11:03:24: 
> react-boilerplate@4.0.0 start
> cross-env NODE_ENV=development node server

2025-05-30T11:03:25: 2025-05-30T11:03:25: 
> react-boilerplate@4.0.0 start
> cross-env NODE_ENV=development node server

2025-05-30T11:03:26: 2025-05-30T11:03:26: 
> react-boilerplate@4.0.0 start
> cross-env NODE_ENV=development node server

2025-05-30T11:03:27: 2025-05-30T11:03:27: 
> react-boilerplate@4.0.0 start
> cross-env NODE_ENV=development node server

2025-05-30T11:03:28: 2025-05-30T11:03:28: 
> react-boilerplate@4.0.0 start
> cross-env NODE_ENV=development node server

2025-05-30T11:03:29: 2025-05-30T11:03:29: 
> react-boilerplate@4.0.0 start
> cross-env NODE_ENV=development node server

2025-05-30T11:03:30: 2025-05-30T11:03:30: 
> react-boilerplate@4.0.0 start
> cross-env NODE_ENV=development node server

2025-05-30T11:03:31: 2025-05-30T11:03:31: 
> react-boilerplate@4.0.0 start
> cross-env NODE_ENV=development node server

2025-05-30T11:03:32: 2025-05-30T11:03:32: 
> react-boilerplate@4.0.0 start
> cross-env NODE_ENV=development node server

2025-05-30T11:03:33: 2025-05-30T11:03:33: 
> react-boilerplate@4.0.0 start
> cross-env NODE_ENV=development node server

2025-05-30T11:03:34: 2025-05-30T11:03:34: 
> react-boilerplate@4.0.0 start
> cross-env NODE_ENV=development node server

2025-05-30T11:03:35: 2025-05-30T11:03:35: 
> react-boilerplate@4.0.0 start
> cross-env NODE_ENV=development node server

2025-05-30T11:03:36: 2025-05-30T11:03:36: 
> react-boilerplate@4.0.0 start
> cross-env NODE_ENV=development node server

2025-05-30T11:03:37: 2025-05-30T11:03:37: 
> react-boilerplate@4.0.0 start
> cross-env NODE_ENV=development node server

2025-05-30T11:03:38: 2025-05-30T11:03:38: 
> react-boilerplate@4.0.0 start
> cross-env NODE_ENV=development node server

2025-05-30T11:03:39: 2025-05-30T11:03:39: 
> react-boilerplate@4.0.0 start
> cross-env NODE_ENV=development node server

2025-05-30T11:03:40: 2025-05-30T11:03:40: 
> react-boilerplate@4.0.0 start
> cross-env NODE_ENV=development node server

2025-05-30T11:03:41: 2025-05-30T11:03:41: 
> react-boilerplate@4.0.0 start
> cross-env NODE_ENV=development node server

2025-05-30T11:03:42: 2025-05-30T11:03:42: 
> react-boilerplate@4.0.0 start
> cross-env NODE_ENV=development node server

2025-05-30T11:03:43: 2025-05-30T11:03:43: 
> react-boilerplate@4.0.0 start
> cross-env NODE_ENV=development node server

2025-05-30T11:03:44: 2025-05-30T11:03:44: 
> react-boilerplate@4.0.0 start
> cross-env NODE_ENV=development node server

2025-05-30T11:03:45: 2025-05-30T11:03:45: 
> react-boilerplate@4.0.0 start
> cross-env NODE_ENV=development node server

2025-05-30T11:03:46: 2025-05-30T11:03:46: 
> react-boilerplate@4.0.0 start
> cross-env NODE_ENV=development node server

2025-05-30T11:03:47: 2025-05-30T11:03:47: 
> react-boilerplate@4.0.0 start
> cross-env NODE_ENV=development node server

2025-05-30T11:03:48: 2025-05-30T11:03:48: 
> react-boilerplate@4.0.0 start
> cross-env NODE_ENV=development node server

2025-05-30T11:03:49: 2025-05-30T11:03:49: 
> react-boilerplate@4.0.0 start
> cross-env NODE_ENV=development node server

2025-05-30T11:03:50: 2025-05-30T11:03:50: 
> react-boilerplate@4.0.0 start
> cross-env NODE_ENV=development node server

2025-05-30T11:03:50: 2025-05-30T11:03:51: 
> react-boilerplate@4.0.0 start
> cross-env NODE_ENV=development node server

2025-05-30T11:03:51: 2025-05-30T11:03:51: 2025-05-30T11:03:52: 
> react-boilerplate@4.0.0 start
> cross-env NODE_ENV=development node server

2025-05-30T11:03:52: 2025-05-30T11:03:53: 
> react-boilerplate@4.0.0 start
> cross-env NODE_ENV=development node server

2025-05-30T11:03:53: 2025-05-30T11:03:54: 
> react-boilerplate@4.0.0 start
> cross-env NODE_ENV=development node server

2025-05-30T11:03:54: 2025-05-30T11:03:55: 
> react-boilerplate@4.0.0 start
> cross-env NODE_ENV=development node server

2025-05-30T11:03:55: 2025-05-30T11:03:56: 
> react-boilerplate@4.0.0 start
> cross-env NODE_ENV=development node server

2025-05-30T11:03:56: 2025-05-30T11:03:57: 
> react-boilerplate@4.0.0 start
> cross-env NODE_ENV=development node server

2025-05-30T11:03:57: 2025-05-30T11:03:58: 
> react-boilerplate@4.0.0 start
> cross-env NODE_ENV=development node server

2025-05-30T11:03:58: 2025-05-30T11:03:59: 
> react-boilerplate@4.0.0 start
> cross-env NODE_ENV=development node server

2025-05-30T11:03:59: 2025-05-30T11:03:59: 
> react-boilerplate@4.0.0 start
> cross-env NODE_ENV=development node server

2025-05-30T11:04:00: 2025-05-30T11:04:01: 
> react-boilerplate@4.0.0 start
> cross-env NODE_ENV=development node server

2025-05-30T11:04:02: 2025-05-30T11:04:02: 
> react-boilerplate@4.0.0 start
> cross-env NODE_ENV=development node server

2025-05-30T11:04:03: 2025-05-30T11:04:03: 
> react-boilerplate@4.0.0 start
> cross-env NODE_ENV=development node server

2025-05-30T11:04:04: 2025-05-30T11:04:04: 
> react-boilerplate@4.0.0 start
> cross-env NODE_ENV=development node server

2025-05-30T11:04:05: 2025-05-30T11:04:05: 
> react-boilerplate@4.0.0 start
> cross-env NODE_ENV=development node server

2025-05-30T11:04:06: 2025-05-30T11:04:06: 
> react-boilerplate@4.0.0 start
> cross-env NODE_ENV=development node server

2025-05-30T11:04:07: 2025-05-30T11:04:07: 
> react-boilerplate@4.0.0 start
> cross-env NODE_ENV=development node server

2025-05-30T11:04:08: 2025-05-30T11:04:08: 
> react-boilerplate@4.0.0 start
> cross-env NODE_ENV=development node server

2025-05-30T11:04:09: 2025-05-30T11:04:09: 
> react-boilerplate@4.0.0 start
> cross-env NODE_ENV=development node server

2025-05-30T11:04:10: 2025-05-30T11:04:10: 
> react-boilerplate@4.0.0 start
> cross-env NODE_ENV=development node server

2025-05-30T11:04:11: 2025-05-30T11:04:11: 
> react-boilerplate@4.0.0 start
> cross-env NODE_ENV=development node server

2025-05-30T11:04:12: 2025-05-30T11:04:12: 
> react-boilerplate@4.0.0 start
> cross-env NODE_ENV=development node server

2025-05-30T11:04:13: 2025-05-30T11:04:13: 
> react-boilerplate@4.0.0 start
> cross-env NODE_ENV=development node server

2025-05-30T11:04:14: 2025-05-30T11:04:14: 
> react-boilerplate@4.0.0 start
> cross-env NODE_ENV=development node server

2025-05-30T11:04:15: 2025-05-30T11:04:15: 
> react-boilerplate@4.0.0 start
> cross-env NODE_ENV=development node server

2025-05-30T11:04:16: 2025-05-30T11:04:16: 
> react-boilerplate@4.0.0 start
> cross-env NODE_ENV=development node server

2025-05-30T11:04:17: 2025-05-30T11:04:17: 
> react-boilerplate@4.0.0 start
> cross-env NODE_ENV=development node server

2025-05-30T11:04:17: 2025-05-30T11:04:18: 
> react-boilerplate@4.0.0 start
> cross-env NODE_ENV=development node server

2025-05-30T11:04:18: 2025-05-30T11:04:19: 
> react-boilerplate@4.0.0 start
> cross-env NODE_ENV=development node server

2025-05-30T11:04:19: 2025-05-30T11:04:20: 
> react-boilerplate@4.0.0 start
> cross-env NODE_ENV=development node server

2025-05-30T11:04:20: 2025-05-30T11:04:21: 
> react-boilerplate@4.0.0 start
> cross-env NODE_ENV=development node server

2025-05-30T11:04:21: 2025-05-30T11:04:22: 
> react-boilerplate@4.0.0 start
> cross-env NODE_ENV=development node server

2025-05-30T11:04:22: 2025-05-30T11:04:23: 
> react-boilerplate@4.0.0 start
> cross-env NODE_ENV=development node server

2025-05-30T11:04:23: 2025-05-30T11:04:24: 
> react-boilerplate@4.0.0 start
> cross-env NODE_ENV=development node server

2025-05-30T11:04:24: 2025-05-30T11:04:25: 
> react-boilerplate@4.0.0 start
> cross-env NODE_ENV=development node server

2025-05-30T11:04:25: 2025-05-30T11:04:26: 
> react-boilerplate@4.0.0 start
> cross-env NODE_ENV=development node server

2025-05-30T11:04:26: 2025-05-30T11:04:27: 
> react-boilerplate@4.0.0 start
> cross-env NODE_ENV=development node server

2025-05-30T11:04:27: 2025-05-30T11:04:28: 
> react-boilerplate@4.0.0 start
> cross-env NODE_ENV=development node server

2025-05-30T11:04:28: 2025-05-30T11:04:29: 
> react-boilerplate@4.0.0 start
> cross-env NODE_ENV=development node server

2025-05-30T11:04:29: 2025-05-30T11:04:30: 
> react-boilerplate@4.0.0 start
> cross-env NODE_ENV=development node server

2025-05-30T11:04:30: 2025-05-30T11:04:31: 
> react-boilerplate@4.0.0 start
> cross-env NODE_ENV=development node server

2025-05-30T11:04:31: 2025-05-30T11:04:32: 
> react-boilerplate@4.0.0 start
> cross-env NODE_ENV=development node server

2025-05-30T11:04:32: 2025-05-30T11:04:32: 
> react-boilerplate@4.0.0 start
> cross-env NODE_ENV=development node server

2025-05-30T11:04:33: 2025-05-30T11:04:33: 
> react-boilerplate@4.0.0 start
> cross-env NODE_ENV=development node server

2025-05-30T11:04:34: 2025-05-30T11:04:34: 
> react-boilerplate@4.0.0 start
> cross-env NODE_ENV=development node server

2025-05-30T11:04:35: 2025-05-30T11:04:35: 
> react-boilerplate@4.0.0 start
> cross-env NODE_ENV=development node server

2025-05-30T11:04:36: 2025-05-30T11:04:36: 
> react-boilerplate@4.0.0 start
> cross-env NODE_ENV=development node server

2025-05-30T11:04:37: 2025-05-30T11:04:37: 
> react-boilerplate@4.0.0 start
> cross-env NODE_ENV=development node server

2025-05-30T11:04:38: 2025-05-30T11:04:38: 
> react-boilerplate@4.0.0 start
> cross-env NODE_ENV=development node server

2025-05-30T11:04:39: 2025-05-30T11:04:39: 2025-05-30T11:04:40: 
> react-boilerplate@4.0.0 start
> cross-env NODE_ENV=development node server

2025-05-30T11:04:40: 2025-05-30T11:04:41: 
> react-boilerplate@4.0.0 start
> cross-env NODE_ENV=development node server

2025-05-30T11:04:41: 2025-05-30T11:04:41: 
> react-boilerplate@4.0.0 start
> cross-env NODE_ENV=development node server

2025-05-30T11:04:42: 2025-05-30T11:04:42: 
> react-boilerplate@4.0.0 start
> cross-env NODE_ENV=development node server

2025-05-30T11:04:43: 2025-05-30T11:04:44: 
> react-boilerplate@4.0.0 start
> cross-env NODE_ENV=development node server

2025-05-30T11:04:44: 2025-05-30T11:04:45: 
> react-boilerplate@4.0.0 start
> cross-env NODE_ENV=development node server

2025-05-30T11:04:46: 2025-05-30T11:04:46: 
> react-boilerplate@4.0.0 start
> cross-env NODE_ENV=development node server

2025-05-30T11:04:47: 2025-05-30T11:04:47: 
> react-boilerplate@4.0.0 start
> cross-env NODE_ENV=development node server

2025-05-30T11:04:48: 2025-05-30T11:04:48: 
> react-boilerplate@4.0.0 start
> cross-env NODE_ENV=development node server

2025-05-30T11:04:48: 2025-05-30T11:04:49: 
> react-boilerplate@4.0.0 start
> cross-env NODE_ENV=development node server

2025-05-30T11:04:49: 2025-05-30T11:04:50: 
> react-boilerplate@4.0.0 start
> cross-env NODE_ENV=development node server

2025-05-30T11:04:50: 2025-05-30T11:04:51: 
> react-boilerplate@4.0.0 start
> cross-env NODE_ENV=development node server

2025-05-30T11:04:51: 2025-05-30T11:04:51: 
> react-boilerplate@4.0.0 start
> cross-env NODE_ENV=development node server

2025-05-30T11:04:52: 2025-05-30T11:04:52: 
> react-boilerplate@4.0.0 start
> cross-env NODE_ENV=development node server

2025-05-30T11:04:53: 2025-05-30T11:04:53: 
> react-boilerplate@4.0.0 start
> cross-env NODE_ENV=development node server

2025-05-30T11:04:54: 2025-05-30T11:04:54: 
> react-boilerplate@4.0.0 start
> cross-env NODE_ENV=development node server

2025-05-30T11:04:55: 2025-05-30T11:04:55: 
> react-boilerplate@4.0.0 start
> cross-env NODE_ENV=development node server

2025-05-30T11:04:56: 2025-05-30T11:04:56: 
> react-boilerplate@4.0.0 start
> cross-env NODE_ENV=development node server

2025-05-30T11:04:57: 2025-05-30T11:04:57: 
> react-boilerplate@4.0.0 start
> cross-env NODE_ENV=development node server

2025-05-30T11:04:58: 2025-05-30T11:04:58: 
> react-boilerplate@4.0.0 start
> cross-env NODE_ENV=development node server

2025-05-30T11:04:59: 2025-05-30T11:04:59: 
> react-boilerplate@4.0.0 start
> cross-env NODE_ENV=development node server

2025-05-30T11:05:00: 2025-05-30T11:05:00: 
> react-boilerplate@4.0.0 start
> cross-env NODE_ENV=development node server

